c:\users\reynolds\documents\visual studio 2015\projects\parallel progarmming\parallel progarmming\debug\vc140.pdb
c:\users\reynolds\documents\visual studio 2015\projects\parallel progarmming\parallel progarmming\debug\vc140.idb
c:\users\reynolds\documents\visual studio 2015\projects\parallel progarmming\parallel progarmming\debug\tempsimulator.obj
c:\users\reynolds\documents\visual studio 2015\projects\parallel progarmming\parallel progarmming\debug\tempdispersion.obj
c:\users\reynolds\documents\github\mpi-heat-simulation\parallel progarmming\parallel progarmming\debug\vc140.pdb
c:\users\reynolds\documents\github\mpi-heat-simulation\parallel progarmming\parallel progarmming\debug\vc140.idb
c:\users\reynolds\documents\github\mpi-heat-simulation\parallel progarmming\parallel progarmming\debug\tempdispersion.obj
c:\users\reynolds\documents\github\mpi-heat-simulation\parallel progarmming\parallel progarmming\debug\tempsimulator.obj
c:\users\reynolds\documents\visual studio 2015\projects\parallel progarmming\debug\parallel progarmming.ilk
c:\users\reynolds\documents\visual studio 2015\projects\parallel progarmming\debug\parallel progarmming.exe
c:\users\reynolds\documents\visual studio 2015\projects\parallel progarmming\debug\parallel progarmming.pdb
c:\users\reynolds\documents\github\mpi-heat-simulation\parallel progarmming\debug\parallel progarmming.ilk
c:\users\reynolds\documents\github\mpi-heat-simulation\parallel progarmming\debug\parallel progarmming.exe
c:\users\reynolds\documents\github\mpi-heat-simulation\parallel progarmming\debug\parallel progarmming.pdb
c:\users\reynolds\documents\github\mpi-heat-simulation\parallel progarmming\parallel progarmming\debug\parallel.d1b1e44e.tlog\cl.command.1.tlog
c:\users\reynolds\documents\github\mpi-heat-simulation\parallel progarmming\parallel progarmming\debug\parallel.d1b1e44e.tlog\cl.read.1.tlog
c:\users\reynolds\documents\github\mpi-heat-simulation\parallel progarmming\parallel progarmming\debug\parallel.d1b1e44e.tlog\cl.write.1.tlog
c:\users\reynolds\documents\github\mpi-heat-simulation\parallel progarmming\parallel progarmming\debug\parallel.d1b1e44e.tlog\link.command.1.tlog
c:\users\reynolds\documents\github\mpi-heat-simulation\parallel progarmming\parallel progarmming\debug\parallel.d1b1e44e.tlog\link.read.1.tlog
c:\users\reynolds\documents\github\mpi-heat-simulation\parallel progarmming\parallel progarmming\debug\parallel.d1b1e44e.tlog\link.write.1.tlog
